<?xml version="1.0" encoding="UTF-8"?>
<testng-results skipped="0" failed="0" ignored="0" total="1" passed="1">
  <reporter-output>
  </reporter-output>
  <suite name="Command line suite" duration-ms="36604" started-at="2023-06-14T18:06:18 IST" finished-at="2023-06-14T18:06:54 IST">
    <groups>
    </groups>
    <test name="Command line test" duration-ms="36604" started-at="2023-06-14T18:06:18 IST" finished-at="2023-06-14T18:06:54 IST">
      <class name="testcases.TestScenarios">
        <test-method status="PASS" signature="setUp()[pri:0, instance:testcases.TestScenarios@4232c52b]" name="setUp" is-config="true" duration-ms="3405" started-at="2023-06-14T18:06:18 IST" finished-at="2023-06-14T18:06:21 IST">
          <reporter-output>
          </reporter-output>
        </test-method> <!-- setUp -->
        <test-method status="PASS" signature="loginTest()[pri:0, instance:testcases.TestScenarios@4232c52b]" name="loginTest" duration-ms="32406" started-at="2023-06-14T18:06:21 IST" finished-at="2023-06-14T18:06:53 IST">
          <reporter-output>
          </reporter-output>
        </test-method> <!-- loginTest -->
        <test-method status="PASS" signature="tearDown()[pri:0, instance:testcases.TestScenarios@4232c52b]" name="tearDown" is-config="true" duration-ms="682" started-at="2023-06-14T18:06:53 IST" finished-at="2023-06-14T18:06:54 IST">
          <reporter-output>
          </reporter-output>
        </test-method> <!-- tearDown -->
      </class> <!-- testcases.TestScenarios -->
    </test> <!-- Command line test -->
  </suite> <!-- Command line suite -->
</testng-results>
